🎵 Building Open Audio Router...
⚙️ Configuring build...
-- The CXX compiler identification is GNU 13.3.0
-- Detecting CXX compiler ABI info
-- Detecting CXX compiler ABI info - done
-- Check for working CXX compiler: /usr/bin/c++ - skipped
-- Detecting CXX compile features
-- Detecting CXX compile features - done
-- Performing Test CMAKE_HAVE_LIBC_PTHREAD
-- Performing Test CMAKE_HAVE_LIBC_PTHREAD - Success
-- Found Threads: TRUE  
-- Performing Test HAVE_STDATOMIC
-- Performing Test HAVE_STDATOMIC - Success
-- Found WrapAtomic: TRUE  
-- Found OpenGL: /usr/lib/x86_64-linux-gnu/libOpenGL.so   
-- Found WrapOpenGL: TRUE  
-- Could NOT find XKB (missing: XKB_LIBRARY XKB_INCLUDE_DIR) (Required is at least version "0.5.0")
-- Found WrapVulkanHeaders: /usr/include  
-- Found PkgConfig: /usr/bin/pkg-config (found version "1.8.1") 
-- Checking for module 'libpulse'
--   Found libpulse, version 16.1
-- Configuring done (0.9s)
-- Generating done (0.0s)
-- Build files have been written to: /workspaces/Open-Audio-Routing-Software/build
🔨 Building application...
[  1%] Running qmlimportscanner for OpenAudioRouter
[ 22%] Built target OpenAudioRouter_tooling
[ 22%] Built target OpenAudioRouter_qmlimportscan
[ 24%] Generating .rcc/qmlcache/OpenAudioRouter_qmlcache_loader.cpp
[ 24%] Built target OpenAudioRouter_autogen_timestamp_deps
[ 25%] Automatic MOC and UIC for target OpenAudioRouter
[ 25%] Built target OpenAudioRouter_autogen
[ 27%] Running AUTOMOC file extraction for target OpenAudioRouter
[ 27%] Built target OpenAudioRouter_automoc_json_extraction
[ 31%] Running moc --collect-json for target OpenAudioRouter
[ 31%] Running rcc for resource OpenAudioRouter_raw_qml_0
[ 32%] Running rcc for resource qmake_OpenAudioRouter
[ 34%] Automatic QML type registration for target OpenAudioRouter
[ 37%] Generating .rcc/qmlcache/OpenAudioRouter_qml/components/AppRoutingItem_qml.cpp
[ 37%] Generating .rcc/qmlcache/OpenAudioRouter_qml/components/AudioMeter_qml.cpp
[ 39%] Generating .rcc/qmlcache/OpenAudioRouter_qml/components/DeviceCard_qml.cpp
[ 41%] Generating .rcc/qmlcache/OpenAudioRouter_qml/components/ProfileCard_qml.cpp
[ 43%] Generating .rcc/qmlcache/OpenAudioRouter_qml/components/TabButton_qml.cpp
[ 44%] Generating .rcc/qmlcache/OpenAudioRouter_qml/components/VolumeSlider_qml.cpp
[ 46%] Generating .rcc/qmlcache/OpenAudioRouter_qml/main_qml.cpp
[ 48%] Generating .rcc/qmlcache/OpenAudioRouter_qml/views/DevicesView_qml.cpp
[ 50%] Generating .rcc/qmlcache/OpenAudioRouter_qml/views/ProfilesView_qml.cpp
[ 51%] Generating .rcc/qmlcache/OpenAudioRouter_qml/views/RoutingView_qml.cpp
[ 55%] Building CXX object CMakeFiles/OpenAudioRouter.dir/OpenAudioRouter_autogen/mocs_compilation.cpp.o
[ 55%] Building CXX object CMakeFiles/OpenAudioRouter.dir/src/main.cpp.o
[ 56%] Building CXX object CMakeFiles/OpenAudioRouter.dir/src/audio/AudioManager.cpp.o
[ 58%] Building CXX object CMakeFiles/OpenAudioRouter.dir/src/audio/PulseAudioBackend.cpp.o
[ 60%] Building CXX object CMakeFiles/OpenAudioRouter.dir/src/models/DeviceListModel.cpp.o
[ 62%] Building CXX object CMakeFiles/OpenAudioRouter.dir/src/models/ApplicationListModel.cpp.o
[ 63%] Building CXX object CMakeFiles/OpenAudioRouter.dir/src/controllers/MainController.cpp.o
[ 65%] Building CXX object CMakeFiles/OpenAudioRouter.dir/src/controllers/DeviceController.cpp.o
[ 67%] Building CXX object CMakeFiles/OpenAudioRouter.dir/src/controllers/RoutingController.cpp.o
[ 68%] Building CXX object CMakeFiles/OpenAudioRouter.dir/src/controllers/ProfileController.cpp.o
[ 70%] Building CXX object CMakeFiles/OpenAudioRouter.dir/src/utils/AudioDevice.cpp.o
[ 72%] Building CXX object CMakeFiles/OpenAudioRouter.dir/src/utils/AudioApplication.cpp.o
[ 74%] Building CXX object CMakeFiles/OpenAudioRouter.dir/src/utils/SystemTray.cpp.o
[ 75%] Building CXX object CMakeFiles/OpenAudioRouter.dir/openaudiorouter_qmltyperegistrations.cpp.o
[ 77%] Building CXX object CMakeFiles/OpenAudioRouter.dir/build/.rcc/qrc_qmake_OpenAudioRouter.cpp.o
[ 79%] Building CXX object CMakeFiles/OpenAudioRouter.dir/build/.rcc/qmlcache/OpenAudioRouter_qmlcache_loader.cpp.o
[ 81%] Building CXX object CMakeFiles/OpenAudioRouter.dir/build/.rcc/qmlcache/OpenAudioRouter_qml/main_qml.cpp.o
[ 82%] Building CXX object CMakeFiles/OpenAudioRouter.dir/build/.rcc/qmlcache/OpenAudioRouter_qml/components/DeviceCard_qml.cpp.o
[ 84%] Building CXX object CMakeFiles/OpenAudioRouter.dir/build/.rcc/qmlcache/OpenAudioRouter_qml/components/VolumeSlider_qml.cpp.o
[ 86%] Building CXX object CMakeFiles/OpenAudioRouter.dir/build/.rcc/qmlcache/OpenAudioRouter_qml/components/AudioMeter_qml.cpp.o
[ 87%] Building CXX object CMakeFiles/OpenAudioRouter.dir/build/.rcc/qmlcache/OpenAudioRouter_qml/components/AppRoutingItem_qml.cpp.o
[ 89%] Building CXX object CMakeFiles/OpenAudioRouter.dir/build/.rcc/qmlcache/OpenAudioRouter_qml/components/ProfileCard_qml.cpp.o
[ 91%] Building CXX object CMakeFiles/OpenAudioRouter.dir/build/.rcc/qmlcache/OpenAudioRouter_qml/components/TabButton_qml.cpp.o
[ 93%] Building CXX object CMakeFiles/OpenAudioRouter.dir/build/.rcc/qmlcache/OpenAudioRouter_qml/views/DevicesView_qml.cpp.o
[ 94%] Building CXX object CMakeFiles/OpenAudioRouter.dir/build/.rcc/qmlcache/OpenAudioRouter_qml/views/RoutingView_qml.cpp.o
[ 96%] Building CXX object CMakeFiles/OpenAudioRouter.dir/build/.rcc/qmlcache/OpenAudioRouter_qml/views/ProfilesView_qml.cpp.o
[ 98%] Building CXX object CMakeFiles/OpenAudioRouter.dir/build/.rcc/qrc_OpenAudioRouter_raw_qml_0.cpp.o
[100%] Linking CXX executable OpenAudioRouter
/usr/bin/ld: cannot open output file OpenAudioRouter: Is a directory
collect2: error: ld returned 1 exit status
make[2]: *** [CMakeFiles/OpenAudioRouter.dir/build.make:682: OpenAudioRouter] Error 1
make[1]: *** [CMakeFiles/Makefile2:100: CMakeFiles/OpenAudioRouter.dir/all] Error 2
make: *** [Makefile:136: all] Error 2
